/home/ami/ros2_ws_bonus/install/distance_demo_bonus/lib/python3.10/site-packages/distance_demo_bonus/command_listener.py
/home/ami/ros2_ws_bonus/install/distance_demo_bonus/lib/python3.10/site-packages/distance_demo_bonus/sensor_node.py
/home/ami/ros2_ws_bonus/install/distance_demo_bonus/lib/python3.10/site-packages/distance_demo_bonus/__init__.py
/home/ami/ros2_ws_bonus/install/distance_demo_bonus/lib/python3.10/site-packages/distance_demo_bonus/decision_node.py
/home/ami/ros2_ws_bonus/install/distance_demo_bonus/lib/python3.10/site-packages/distance_demo_bonus/__pycache__/command_listener.cpython-310.pyc
/home/ami/ros2_ws_bonus/install/distance_demo_bonus/lib/python3.10/site-packages/distance_demo_bonus/__pycache__/sensor_node.cpython-310.pyc
/home/ami/ros2_ws_bonus/install/distance_demo_bonus/lib/python3.10/site-packages/distance_demo_bonus/__pycache__/__init__.cpython-310.pyc
/home/ami/ros2_ws_bonus/install/distance_demo_bonus/lib/python3.10/site-packages/distance_demo_bonus/__pycache__/decision_node.cpython-310.pyc
/home/ami/ros2_ws_bonus/install/distance_demo_bonus/share/ament_index/resource_index/packages/distance_demo_bonus
/home/ami/ros2_ws_bonus/install/distance_demo_bonus/share/distance_demo_bonus/package.xml
/home/ami/ros2_ws_bonus/install/distance_demo_bonus/lib/python3.10/site-packages/distance_demo_bonus-0.0.0-py3.10.egg-info/SOURCES.txt
/home/ami/ros2_ws_bonus/install/distance_demo_bonus/lib/python3.10/site-packages/distance_demo_bonus-0.0.0-py3.10.egg-info/entry_points.txt
/home/ami/ros2_ws_bonus/install/distance_demo_bonus/lib/python3.10/site-packages/distance_demo_bonus-0.0.0-py3.10.egg-info/PKG-INFO
/home/ami/ros2_ws_bonus/install/distance_demo_bonus/lib/python3.10/site-packages/distance_demo_bonus-0.0.0-py3.10.egg-info/zip-safe
/home/ami/ros2_ws_bonus/install/distance_demo_bonus/lib/python3.10/site-packages/distance_demo_bonus-0.0.0-py3.10.egg-info/dependency_links.txt
/home/ami/ros2_ws_bonus/install/distance_demo_bonus/lib/python3.10/site-packages/distance_demo_bonus-0.0.0-py3.10.egg-info/top_level.txt
/home/ami/ros2_ws_bonus/install/distance_demo_bonus/lib/python3.10/site-packages/distance_demo_bonus-0.0.0-py3.10.egg-info/requires.txt
/home/ami/ros2_ws_bonus/install/distance_demo_bonus/lib/distance_demo_bonus/command_listener
/home/ami/ros2_ws_bonus/install/distance_demo_bonus/lib/distance_demo_bonus/decision_node
/home/ami/ros2_ws_bonus/install/distance_demo_bonus/lib/distance_demo_bonus/sensor_node
