running egg_info
creating ../../build/distance_demo_bonus/distance_demo_bonus.egg-info
writing ../../build/distance_demo_bonus/distance_demo_bonus.egg-info/PKG-INFO
writing dependency_links to ../../build/distance_demo_bonus/distance_demo_bonus.egg-info/dependency_links.txt
writing entry points to ../../build/distance_demo_bonus/distance_demo_bonus.egg-info/entry_points.txt
writing requirements to ../../build/distance_demo_bonus/distance_demo_bonus.egg-info/requires.txt
writing top-level names to ../../build/distance_demo_bonus/distance_demo_bonus.egg-info/top_level.txt
writing manifest file '../../build/distance_demo_bonus/distance_demo_bonus.egg-info/SOURCES.txt'
reading manifest file '../../build/distance_demo_bonus/distance_demo_bonus.egg-info/SOURCES.txt'
writing manifest file '../../build/distance_demo_bonus/distance_demo_bonus.egg-info/SOURCES.txt'
running build
running build_py
creating /home/ami/ros2_ws_bonus/build/distance_demo_bonus/build
creating /home/ami/ros2_ws_bonus/build/distance_demo_bonus/build/lib
creating /home/ami/ros2_ws_bonus/build/distance_demo_bonus/build/lib/distance_demo_bonus
copying distance_demo_bonus/command_listener.py -> /home/ami/ros2_ws_bonus/build/distance_demo_bonus/build/lib/distance_demo_bonus
copying distance_demo_bonus/sensor_node.py -> /home/ami/ros2_ws_bonus/build/distance_demo_bonus/build/lib/distance_demo_bonus
copying distance_demo_bonus/__init__.py -> /home/ami/ros2_ws_bonus/build/distance_demo_bonus/build/lib/distance_demo_bonus
copying distance_demo_bonus/decision_node.py -> /home/ami/ros2_ws_bonus/build/distance_demo_bonus/build/lib/distance_demo_bonus
running install
running install_lib
creating /home/ami/ros2_ws_bonus/install/distance_demo_bonus/lib/python3.10/site-packages/distance_demo_bonus
copying /home/ami/ros2_ws_bonus/build/distance_demo_bonus/build/lib/distance_demo_bonus/command_listener.py -> /home/ami/ros2_ws_bonus/install/distance_demo_bonus/lib/python3.10/site-packages/distance_demo_bonus
copying /home/ami/ros2_ws_bonus/build/distance_demo_bonus/build/lib/distance_demo_bonus/sensor_node.py -> /home/ami/ros2_ws_bonus/install/distance_demo_bonus/lib/python3.10/site-packages/distance_demo_bonus
copying /home/ami/ros2_ws_bonus/build/distance_demo_bonus/build/lib/distance_demo_bonus/__init__.py -> /home/ami/ros2_ws_bonus/install/distance_demo_bonus/lib/python3.10/site-packages/distance_demo_bonus
copying /home/ami/ros2_ws_bonus/build/distance_demo_bonus/build/lib/distance_demo_bonus/decision_node.py -> /home/ami/ros2_ws_bonus/install/distance_demo_bonus/lib/python3.10/site-packages/distance_demo_bonus
byte-compiling /home/ami/ros2_ws_bonus/install/distance_demo_bonus/lib/python3.10/site-packages/distance_demo_bonus/command_listener.py to command_listener.cpython-310.pyc
byte-compiling /home/ami/ros2_ws_bonus/install/distance_demo_bonus/lib/python3.10/site-packages/distance_demo_bonus/sensor_node.py to sensor_node.cpython-310.pyc
byte-compiling /home/ami/ros2_ws_bonus/install/distance_demo_bonus/lib/python3.10/site-packages/distance_demo_bonus/__init__.py to __init__.cpython-310.pyc
byte-compiling /home/ami/ros2_ws_bonus/install/distance_demo_bonus/lib/python3.10/site-packages/distance_demo_bonus/decision_node.py to decision_node.cpython-310.pyc
running install_data
creating /home/ami/ros2_ws_bonus/install/distance_demo_bonus/share/ament_index
creating /home/ami/ros2_ws_bonus/install/distance_demo_bonus/share/ament_index/resource_index
creating /home/ami/ros2_ws_bonus/install/distance_demo_bonus/share/ament_index/resource_index/packages
copying resource/distance_demo_bonus -> /home/ami/ros2_ws_bonus/install/distance_demo_bonus/share/ament_index/resource_index/packages
copying package.xml -> /home/ami/ros2_ws_bonus/install/distance_demo_bonus/share/distance_demo_bonus
running install_egg_info
Copying ../../build/distance_demo_bonus/distance_demo_bonus.egg-info to /home/ami/ros2_ws_bonus/install/distance_demo_bonus/lib/python3.10/site-packages/distance_demo_bonus-0.0.0-py3.10.egg-info
running install_scripts
Installing command_listener script to /home/ami/ros2_ws_bonus/install/distance_demo_bonus/lib/distance_demo_bonus
Installing decision_node script to /home/ami/ros2_ws_bonus/install/distance_demo_bonus/lib/distance_demo_bonus
Installing sensor_node script to /home/ami/ros2_ws_bonus/install/distance_demo_bonus/lib/distance_demo_bonus
writing list of installed files to '/home/ami/ros2_ws_bonus/build/distance_demo_bonus/install.log'
