[0.568s] Invoking command in '/home/ami/ros2_ws_bonus/src/distance_demo_bonus': PYTHONPATH=/home/ami/ros2_ws_bonus/build/distance_demo_bonus/prefix_override:/usr/lib/python3/dist-packages/colcon_core/task/python/colcon_distutils_commands:/home/ami/ros2_ws_bonus/install/distance_demo_bonus/lib/python3.10/site-packages:${PYTHONPATH} /usr/bin/python3 -W ignore:setup.py install is deprecated -W ignore:easy_install command is deprecated setup.py egg_info --egg-base ../../build/distance_demo_bonus build --build-base /home/ami/ros2_ws_bonus/build/distance_demo_bonus/build install --record /home/ami/ros2_ws_bonus/build/distance_demo_bonus/install.log --single-version-externally-managed install_data
[0.812s] running egg_info
[0.813s] creating ../../build/distance_demo_bonus/distance_demo_bonus.egg-info
[0.813s] writing ../../build/distance_demo_bonus/distance_demo_bonus.egg-info/PKG-INFO
[0.813s] writing dependency_links to ../../build/distance_demo_bonus/distance_demo_bonus.egg-info/dependency_links.txt
[0.813s] writing entry points to ../../build/distance_demo_bonus/distance_demo_bonus.egg-info/entry_points.txt
[0.813s] writing requirements to ../../build/distance_demo_bonus/distance_demo_bonus.egg-info/requires.txt
[0.814s] writing top-level names to ../../build/distance_demo_bonus/distance_demo_bonus.egg-info/top_level.txt
[0.814s] writing manifest file '../../build/distance_demo_bonus/distance_demo_bonus.egg-info/SOURCES.txt'
[0.816s] reading manifest file '../../build/distance_demo_bonus/distance_demo_bonus.egg-info/SOURCES.txt'
[0.817s] writing manifest file '../../build/distance_demo_bonus/distance_demo_bonus.egg-info/SOURCES.txt'
[0.817s] running build
[0.817s] running build_py
[0.817s] creating /home/ami/ros2_ws_bonus/build/distance_demo_bonus/build
[0.817s] creating /home/ami/ros2_ws_bonus/build/distance_demo_bonus/build/lib
[0.818s] creating /home/ami/ros2_ws_bonus/build/distance_demo_bonus/build/lib/distance_demo_bonus
[0.818s] copying distance_demo_bonus/command_listener.py -> /home/ami/ros2_ws_bonus/build/distance_demo_bonus/build/lib/distance_demo_bonus
[0.818s] copying distance_demo_bonus/sensor_node.py -> /home/ami/ros2_ws_bonus/build/distance_demo_bonus/build/lib/distance_demo_bonus
[0.818s] copying distance_demo_bonus/__init__.py -> /home/ami/ros2_ws_bonus/build/distance_demo_bonus/build/lib/distance_demo_bonus
[0.818s] copying distance_demo_bonus/decision_node.py -> /home/ami/ros2_ws_bonus/build/distance_demo_bonus/build/lib/distance_demo_bonus
[0.818s] running install
[0.819s] running install_lib
[0.819s] creating /home/ami/ros2_ws_bonus/install/distance_demo_bonus/lib/python3.10/site-packages/distance_demo_bonus
[0.819s] copying /home/ami/ros2_ws_bonus/build/distance_demo_bonus/build/lib/distance_demo_bonus/command_listener.py -> /home/ami/ros2_ws_bonus/install/distance_demo_bonus/lib/python3.10/site-packages/distance_demo_bonus
[0.819s] copying /home/ami/ros2_ws_bonus/build/distance_demo_bonus/build/lib/distance_demo_bonus/sensor_node.py -> /home/ami/ros2_ws_bonus/install/distance_demo_bonus/lib/python3.10/site-packages/distance_demo_bonus
[0.819s] copying /home/ami/ros2_ws_bonus/build/distance_demo_bonus/build/lib/distance_demo_bonus/__init__.py -> /home/ami/ros2_ws_bonus/install/distance_demo_bonus/lib/python3.10/site-packages/distance_demo_bonus
[0.819s] copying /home/ami/ros2_ws_bonus/build/distance_demo_bonus/build/lib/distance_demo_bonus/decision_node.py -> /home/ami/ros2_ws_bonus/install/distance_demo_bonus/lib/python3.10/site-packages/distance_demo_bonus
[0.820s] byte-compiling /home/ami/ros2_ws_bonus/install/distance_demo_bonus/lib/python3.10/site-packages/distance_demo_bonus/command_listener.py to command_listener.cpython-310.pyc
[0.820s] byte-compiling /home/ami/ros2_ws_bonus/install/distance_demo_bonus/lib/python3.10/site-packages/distance_demo_bonus/sensor_node.py to sensor_node.cpython-310.pyc
[0.820s] byte-compiling /home/ami/ros2_ws_bonus/install/distance_demo_bonus/lib/python3.10/site-packages/distance_demo_bonus/__init__.py to __init__.cpython-310.pyc
[0.820s] byte-compiling /home/ami/ros2_ws_bonus/install/distance_demo_bonus/lib/python3.10/site-packages/distance_demo_bonus/decision_node.py to decision_node.cpython-310.pyc
[0.821s] running install_data
[0.821s] creating /home/ami/ros2_ws_bonus/install/distance_demo_bonus/share/ament_index
[0.821s] creating /home/ami/ros2_ws_bonus/install/distance_demo_bonus/share/ament_index/resource_index
[0.821s] creating /home/ami/ros2_ws_bonus/install/distance_demo_bonus/share/ament_index/resource_index/packages
[0.821s] copying resource/distance_demo_bonus -> /home/ami/ros2_ws_bonus/install/distance_demo_bonus/share/ament_index/resource_index/packages
[0.821s] copying package.xml -> /home/ami/ros2_ws_bonus/install/distance_demo_bonus/share/distance_demo_bonus
[0.822s] running install_egg_info
[0.823s] Copying ../../build/distance_demo_bonus/distance_demo_bonus.egg-info to /home/ami/ros2_ws_bonus/install/distance_demo_bonus/lib/python3.10/site-packages/distance_demo_bonus-0.0.0-py3.10.egg-info
[0.824s] running install_scripts
[0.844s] Installing command_listener script to /home/ami/ros2_ws_bonus/install/distance_demo_bonus/lib/distance_demo_bonus
[0.844s] Installing decision_node script to /home/ami/ros2_ws_bonus/install/distance_demo_bonus/lib/distance_demo_bonus
[0.844s] Installing sensor_node script to /home/ami/ros2_ws_bonus/install/distance_demo_bonus/lib/distance_demo_bonus
[0.844s] writing list of installed files to '/home/ami/ros2_ws_bonus/build/distance_demo_bonus/install.log'
[0.880s] Invoked command in '/home/ami/ros2_ws_bonus/src/distance_demo_bonus' returned '0': PYTHONPATH=/home/ami/ros2_ws_bonus/build/distance_demo_bonus/prefix_override:/usr/lib/python3/dist-packages/colcon_core/task/python/colcon_distutils_commands:/home/ami/ros2_ws_bonus/install/distance_demo_bonus/lib/python3.10/site-packages:${PYTHONPATH} /usr/bin/python3 -W ignore:setup.py install is deprecated -W ignore:easy_install command is deprecated setup.py egg_info --egg-base ../../build/distance_demo_bonus build --build-base /home/ami/ros2_ws_bonus/build/distance_demo_bonus/build install --record /home/ami/ros2_ws_bonus/build/distance_demo_bonus/install.log --single-version-externally-managed install_data
